<?xml version="1.0" encoding="UTF-8"?>
<testsuite name="org.fpm.di.example.Example" tests="8" skipped="0" failures="0" errors="0" timestamp="2023-01-09T15:57:58" hostname="DESKTOP-QMR04UU" time="0.016">
  <properties/>
  <testcase name="shouldTrowClassException" classname="org.fpm.di.example.Example" time="0.007"/>
  <testcase name="shouldTrowInjectException" classname="org.fpm.di.example.Example" time="0.005"/>
  <testcase name="shouldInjectSingleton" classname="org.fpm.di.example.Example" time="0.002"/>
  <testcase name="shouldTrowMultipleContainerException" classname="org.fpm.di.example.Example" time="0.0"/>
  <testcase name="shouldInjectPrototype" classname="org.fpm.di.example.Example" time="0.0"/>
  <testcase name="shouldBuildInjectionGraph" classname="org.fpm.di.example.Example" time="0.0"/>
  <testcase name="shouldUseInjectConstructor" classname="org.fpm.di.example.Example" time="0.001"/>
  <testcase name="shouldBuildInjectDependencies" classname="org.fpm.di.example.Example" time="0.0"/>
  <system-out><![CDATA[]]></system-out>
  <system-err><![CDATA[]]></system-err>
</testsuite>
