<?xml version="1.0" encoding="UTF-8"?>
<testsuite name="org.fpm.di.example.Example" tests="1" skipped="0" failures="0" errors="0" timestamp="2023-01-09T15:29:19" hostname="DESKTOP-QMR04UU" time="0.019">
  <properties/>
  <testcase name="shouldInjectSingleton" classname="org.fpm.di.example.Example" time="0.019"/>
  <system-out><![CDATA[org.fpm.di.example.baseClasses.MySingleton@4c37b5b
]]></system-out>
  <system-err><![CDATA[]]></system-err>
</testsuite>
